<?xml version="1.0" encoding="UTF-8"?>
<testsuite name="protrack"
           tests="2"
           failures="0"
           errors="0"
           skipped="0"
           time="50.183">
    <properties></properties>



            <testcase
                name="Project_CRM_01"
                time="29.622"
                classname="com.protrack.web.selenium.tests.HomePageCRMTest">
            </testcase>
            <testcase
                name="Project_CRM_03"
                time="20.561"
                classname="com.protrack.web.selenium.tests.HomePageCRMTest">
            </testcase>
</testsuite>
